Flow report for Instrucao_R
Thu Oct 24 16:44:30 2019
Quartus Prime Version 17.1.0 Build 590 10/25/2017 SJ Lite Edition


---------------------
; Table of Contents ;
---------------------
  1. Legal Notice
  2. Flow Summary
  3. Flow Settings
  4. Flow Non-Default Global Settings
  5. Flow Elapsed Time
  6. Flow OS Summary
  7. Flow Log
  8. Flow Messages
  9. Flow Suppressed Messages



----------------
; Legal Notice ;
----------------
Copyright (C) 2017  Intel Corporation. All rights reserved.
Your use of Intel Corporation's design tools, logic functions 
and other software and tools, and its AMPP partner logic 
functions, and any output files from any of the foregoing 
(including device programming or simulation files), and any 
associated documentation or information are expressly subject 
to the terms and conditions of the Intel Program License 
Subscription Agreement, the Intel Quartus Prime License Agreement,
the Intel FPGA IP License Agreement, or other applicable license
agreement, including, without limitation, that your use is for
the sole purpose of programming logic devices manufactured by
Intel and sold by Intel or its authorized distributors.  Please
refer to the applicable agreement for further details.



+-------------------------------------------------------------------------------+
; Flow Summary                                                                  ;
+---------------------------------+---------------------------------------------+
; Flow Status                     ; Successful - Thu Oct 24 16:44:30 2019       ;
; Quartus Prime Version           ; 17.1.0 Build 590 10/25/2017 SJ Lite Edition ;
; Revision Name                   ; Instrucao_R                                 ;
; Top-level Entity Name           ; TOP_LEVEL_R                                 ;
; Family                          ; Cyclone V                                   ;
; Device                          ; 5CGXFC7C7F23C8                              ;
; Timing Models                   ; Final                                       ;
; Logic utilization (in ALMs)     ; 134 / 56,480 ( < 1 % )                      ;
; Total registers                 ; 134                                         ;
; Total pins                      ; 138 / 268 ( 51 % )                          ;
; Total virtual pins              ; 0                                           ;
; Total block memory bits         ; 0 / 7,024,640 ( 0 % )                       ;
; Total DSP Blocks                ; 0 / 156 ( 0 % )                             ;
; Total HSSI RX PCSs              ; 0 / 6 ( 0 % )                               ;
; Total HSSI PMA RX Deserializers ; 0 / 6 ( 0 % )                               ;
; Total HSSI TX PCSs              ; 0 / 6 ( 0 % )                               ;
; Total HSSI PMA TX Serializers   ; 0 / 6 ( 0 % )                               ;
; Total PLLs                      ; 0 / 13 ( 0 % )                              ;
; Total DLLs                      ; 0 / 4 ( 0 % )                               ;
+---------------------------------+---------------------------------------------+


+-----------------------------------------+
; Flow Settings                           ;
+-------------------+---------------------+
; Option            ; Setting             ;
+-------------------+---------------------+
; Start date & time ; 10/24/2019 16:37:22 ;
; Main task         ; Compilation         ;
; Revision Name     ; Instrucao_R         ;
+-------------------+---------------------+


+-------------------------------------------------------------------------------------------------------------------------+
; Flow Non-Default Global Settings                                                                                        ;
+-------------------------------------+----------------------------------------+---------------+-------------+------------+
; Assignment Name                     ; Value                                  ; Default Value ; Entity Name ; Section Id ;
+-------------------------------------+----------------------------------------+---------------+-------------+------------+
; COMPILER_SIGNATURE_ID               ; 48710636461319.157194584115556         ; --            ; --          ; --         ;
; MAX_CORE_JUNCTION_TEMP              ; 85                                     ; --            ; --          ; --         ;
; MIN_CORE_JUNCTION_TEMP              ; 0                                      ; --            ; --          ; --         ;
; PARTITION_COLOR                     ; -- (Not supported for targeted family) ; --            ; TOP_LEVEL_R ; Top        ;
; PARTITION_FITTER_PRESERVATION_LEVEL ; -- (Not supported for targeted family) ; --            ; TOP_LEVEL_R ; Top        ;
; PARTITION_NETLIST_TYPE              ; -- (Not supported for targeted family) ; --            ; TOP_LEVEL_R ; Top        ;
; POWER_BOARD_THERMAL_MODEL           ; None (CONSERVATIVE)                    ; --            ; --          ; --         ;
; POWER_PRESET_COOLING_SOLUTION       ; 23 MM HEAT SINK WITH 200 LFPM AIRFLOW  ; --            ; --          ; --         ;
; PROJECT_OUTPUT_DIRECTORY            ; output_files                           ; --            ; --          ; --         ;
; TOP_LEVEL_ENTITY                    ; TOP_LEVEL_R                            ; Instrucao_R   ; --          ; --         ;
; VHDL_INPUT_VERSION                  ; VHDL_2008                              ; VHDL_1993     ; --          ; --         ;
; VHDL_SHOW_LMF_MAPPING_MESSAGES      ; Off                                    ; --            ; --          ; --         ;
+-------------------------------------+----------------------------------------+---------------+-------------+------------+


+-------------------------------------------------------------------------------------------------------------------------------+
; Flow Elapsed Time                                                                                                             ;
+---------------------------+--------------+-------------------------+---------------------+------------------------------------+
; Module Name               ; Elapsed Time ; Average Processors Used ; Peak Virtual Memory ; Total CPU Time (on all processors) ;
+---------------------------+--------------+-------------------------+---------------------+------------------------------------+
; Analysis & Synthesis      ; 00:00:15     ; 1.0                     ; 4859 MB             ; 00:00:30                           ;
; Fitter                    ; 00:01:13     ; 1.0                     ; 6792 MB             ; 00:02:07                           ;
; Assembler                 ; 00:00:14     ; 1.0                     ; 4840 MB             ; 00:00:10                           ;
; TimeQuest Timing Analyzer ; 00:00:13     ; 1.1                     ; 5204 MB             ; 00:00:12                           ;
; EDA Netlist Writer        ; 00:00:02     ; 1.0                     ; 4718 MB             ; 00:00:02                           ;
; EDA Netlist Writer        ; 00:00:02     ; 1.0                     ; 4727 MB             ; 00:00:02                           ;
; EDA Netlist Writer        ; 00:00:01     ; 1.0                     ; 4718 MB             ; 00:00:02                           ;
; EDA Netlist Writer        ; 00:00:02     ; 1.0                     ; 4727 MB             ; 00:00:02                           ;
; EDA Netlist Writer        ; 00:00:02     ; 1.0                     ; 4718 MB             ; 00:00:02                           ;
; EDA Netlist Writer        ; 00:00:02     ; 1.0                     ; 4727 MB             ; 00:00:02                           ;
; Total                     ; 00:02:06     ; --                      ; --                  ; 00:03:11                           ;
+---------------------------+--------------+-------------------------+---------------------+------------------------------------+


+-----------------------------------------------------------------------------------------+
; Flow OS Summary                                                                         ;
+---------------------------+------------------+------------+------------+----------------+
; Module Name               ; Machine Hostname ; OS Name    ; OS Version ; Processor type ;
+---------------------------+------------------+------------+------------+----------------+
; Analysis & Synthesis      ; DESKTOP-9HRPL52  ; Windows 10 ; 10.0       ; x86_64         ;
; Fitter                    ; DESKTOP-9HRPL52  ; Windows 10 ; 10.0       ; x86_64         ;
; Assembler                 ; DESKTOP-9HRPL52  ; Windows 10 ; 10.0       ; x86_64         ;
; TimeQuest Timing Analyzer ; DESKTOP-9HRPL52  ; Windows 10 ; 10.0       ; x86_64         ;
; EDA Netlist Writer        ; DESKTOP-9HRPL52  ; Windows 10 ; 10.0       ; x86_64         ;
; EDA Netlist Writer        ; DESKTOP-9HRPL52  ; Windows 10 ; 10.0       ; x86_64         ;
; EDA Netlist Writer        ; DESKTOP-9HRPL52  ; Windows 10 ; 10.0       ; x86_64         ;
; EDA Netlist Writer        ; DESKTOP-9HRPL52  ; Windows 10 ; 10.0       ; x86_64         ;
; EDA Netlist Writer        ; DESKTOP-9HRPL52  ; Windows 10 ; 10.0       ; x86_64         ;
; EDA Netlist Writer        ; DESKTOP-9HRPL52  ; Windows 10 ; 10.0       ; x86_64         ;
+---------------------------+------------------+------------+------------+----------------+


------------
; Flow Log ;
------------
quartus_map --read_settings_files=on --write_settings_files=off Instrucao_R -c Instrucao_R
quartus_fit --read_settings_files=off --write_settings_files=off Instrucao_R -c Instrucao_R
quartus_asm --read_settings_files=off --write_settings_files=off Instrucao_R -c Instrucao_R
quartus_sta Instrucao_R -c Instrucao_R
quartus_eda --gen_testbench --tool=modelsim_oem --format=vhdl --write_settings_files=off Instrucao_R -c Instrucao_R --vector_source=C:/Users/Felippe/Documents/Insper/Semestre-6/Design_de_Computadores/MIPS/R/Waveform2.vwf --testbench_file=C:/Users/Felippe/Documents/Insper/Semestre-6/Design_de_Computadores/MIPS/R/simulation/qsim/Waveform2.vwf.vht
quartus_eda --write_settings_files=off --simulation=on --functional=on --flatten_buses=off --tool=modelsim_oem --format=vhdl --output_directory=C:/Users/Felippe/Documents/Insper/Semestre-6/Design_de_Computadores/MIPS/R/simulation/qsim/ Instrucao_R -c Instrucao_R
quartus_eda --gen_testbench --tool=modelsim_oem --format=vhdl --write_settings_files=off Instrucao_R -c Instrucao_R --vector_source=C:/Users/Felippe/Documents/Insper/Semestre-6/Design_de_Computadores/MIPS/R/Waveform3.vwf --testbench_file=C:/Users/Felippe/Documents/Insper/Semestre-6/Design_de_Computadores/MIPS/R/simulation/qsim/Waveform3.vwf.vht
quartus_eda --write_settings_files=off --simulation=on --functional=on --flatten_buses=off --tool=modelsim_oem --format=vhdl --output_directory=C:/Users/Felippe/Documents/Insper/Semestre-6/Design_de_Computadores/MIPS/R/simulation/qsim/ Instrucao_R -c Instrucao_R
quartus_eda --gen_testbench --tool=modelsim_oem --format=vhdl --write_settings_files=off Instrucao_R -c Instrucao_R --vector_source=C:/Users/Felippe/Documents/Insper/Semestre-6/Design_de_Computadores/MIPS/R/Waveform3.vwf --testbench_file=C:/Users/Felippe/Documents/Insper/Semestre-6/Design_de_Computadores/MIPS/R/simulation/qsim/Waveform3.vwf.vht
quartus_eda --write_settings_files=off --simulation=on --functional=on --flatten_buses=off --tool=modelsim_oem --format=vhdl --output_directory=C:/Users/Felippe/Documents/Insper/Semestre-6/Design_de_Computadores/MIPS/R/simulation/qsim/ Instrucao_R -c Instrucao_R



